<?xml version="1.0" encoding="UTF-8"?>
<testng-results ignored="0" total="3" passed="3" failed="0" skipped="0">
  <reporter-output>
  </reporter-output>
  <suite started-at="2024-02-14T18:34:28 IST" name="Suite" finished-at="2024-02-14T18:37:15 IST" duration-ms="167847">
    <groups>
      <group name="giftcards">
        <method signature="TC2.secondcase()[pri:2, instance:testcase.TC2@402c4085]" name="secondcase" class="testcase.TC2"/>
      </group> <!-- giftcards -->
      <group name="cabs">
        <method signature="TC1.makemytrip()[pri:1, instance:testcase.TC1@273444fe]" name="makemytrip" class="testcase.TC1"/>
      </group> <!-- cabs -->
      <group name="hotels">
        <method signature="TC3.thirdcase()[pri:3, instance:testcase.TC3@6fa51cd4]" name="thirdcase" class="testcase.TC3"/>
      </group> <!-- hotels -->
    </groups>
    <test started-at="2024-02-14T18:34:28 IST" name="Test1" finished-at="2024-02-14T18:37:15 IST" duration-ms="167847">
      <class name="testcase.TC3">
        <test-method is-config="true" signature="setup(java.lang.String,java.lang.String)[pri:0, instance:testcase.TC3@6fa51cd4]" started-at="2024-02-14T18:36:28 IST" name="setup" finished-at="2024-02-14T18:36:51 IST" duration-ms="22976" status="PASS">
          <params>
            <param index="0">
              <value>
                <![CDATA[Windows]]>
              </value>
            </param>
            <param index="1">
              <value>
                <![CDATA[chrome]]>
              </value>
            </param>
          </params>
          <reporter-output>
          </reporter-output>
        </test-method> <!-- setup -->
        <test-method signature="thirdcase()[pri:3, instance:testcase.TC3@6fa51cd4]" started-at="2024-02-14T18:36:51 IST" name="thirdcase" finished-at="2024-02-14T18:37:04 IST" duration-ms="13014" status="PASS">
          <reporter-output>
          </reporter-output>
        </test-method> <!-- thirdcase -->
        <test-method is-config="true" signature="teardown()[pri:0, instance:testcase.TC3@6fa51cd4]" started-at="2024-02-14T18:37:04 IST" name="teardown" finished-at="2024-02-14T18:37:15 IST" duration-ms="11332" status="PASS">
          <reporter-output>
          </reporter-output>
        </test-method> <!-- teardown -->
      </class> <!-- testcase.TC3 -->
      <class name="testcase.TC2">
        <test-method is-config="true" signature="setup(java.lang.String,java.lang.String)[pri:0, instance:testcase.TC2@402c4085]" started-at="2024-02-14T18:35:38 IST" name="setup" finished-at="2024-02-14T18:36:00 IST" duration-ms="21770" status="PASS">
          <params>
            <param index="0">
              <value>
                <![CDATA[Windows]]>
              </value>
            </param>
            <param index="1">
              <value>
                <![CDATA[chrome]]>
              </value>
            </param>
          </params>
          <reporter-output>
          </reporter-output>
        </test-method> <!-- setup -->
        <test-method signature="secondcase()[pri:2, instance:testcase.TC2@402c4085]" started-at="2024-02-14T18:36:00 IST" name="secondcase" finished-at="2024-02-14T18:36:17 IST" duration-ms="17321" status="PASS">
          <reporter-output>
          </reporter-output>
        </test-method> <!-- secondcase -->
        <test-method is-config="true" signature="teardown()[pri:0, instance:testcase.TC2@402c4085]" started-at="2024-02-14T18:36:17 IST" name="teardown" finished-at="2024-02-14T18:36:28 IST" duration-ms="11273" status="PASS">
          <reporter-output>
          </reporter-output>
        </test-method> <!-- teardown -->
      </class> <!-- testcase.TC2 -->
      <class name="testcase.TC1">
        <test-method is-config="true" signature="setup(java.lang.String,java.lang.String)[pri:0, instance:testcase.TC1@273444fe]" started-at="2024-02-14T18:34:29 IST" name="setup" finished-at="2024-02-14T18:35:05 IST" duration-ms="35857" status="PASS">
          <params>
            <param index="0">
              <value>
                <![CDATA[Windows]]>
              </value>
            </param>
            <param index="1">
              <value>
                <![CDATA[chrome]]>
              </value>
            </param>
          </params>
          <reporter-output>
          </reporter-output>
        </test-method> <!-- setup -->
        <test-method signature="makemytrip()[pri:1, instance:testcase.TC1@273444fe]" started-at="2024-02-14T18:35:05 IST" name="makemytrip" finished-at="2024-02-14T18:35:26 IST" duration-ms="21521" status="PASS">
          <reporter-output>
          </reporter-output>
        </test-method> <!-- makemytrip -->
        <test-method is-config="true" signature="teardown()[pri:0, instance:testcase.TC1@273444fe]" started-at="2024-02-14T18:35:26 IST" name="teardown" finished-at="2024-02-14T18:35:38 IST" duration-ms="11277" status="PASS">
          <reporter-output>
          </reporter-output>
        </test-method> <!-- teardown -->
      </class> <!-- testcase.TC1 -->
    </test> <!-- Test1 -->
  </suite> <!-- Suite -->
</testng-results>
